<?xml version="1.0" encoding="UTF-8"?>
<testng-results skipped="0" failed="0" total="1" passed="1">
  <reporter-output>
  </reporter-output>
  <suite name="Default suite" duration-ms="12655" started-at="2021-04-04T06:32:18Z" finished-at="2021-04-04T06:32:31Z">
    <groups>
    </groups>
    <test name="Default test" duration-ms="12655" started-at="2021-04-04T06:32:18Z" finished-at="2021-04-04T06:32:31Z">
      <class name="Logics.HomePage">
        <test-method status="PASS" signature="initBrowser()[pri:0, instance:Logics.HomePage@1dc3715]" name="initBrowser" is-config="true" duration-ms="24797" started-at="2021-04-04T12:01:53Z" finished-at="2021-04-04T12:02:18Z">
          <reporter-output>
          </reporter-output>
        </test-method> <!-- initBrowser -->
        <test-method status="PASS" signature="testCase2()[pri:2, instance:Logics.HomePage@1dc3715]" name="testCase2" duration-ms="12640" started-at="2021-04-04T12:02:18Z" finished-at="2021-04-04T12:02:31Z">
          <reporter-output>
          </reporter-output>
        </test-method> <!-- testCase2 -->
        <test-method status="PASS" signature="closer()[pri:0, instance:Logics.HomePage@1dc3715]" name="closer" is-config="true" duration-ms="77" started-at="2021-04-04T12:02:31Z" finished-at="2021-04-04T12:02:31Z">
          <reporter-output>
          </reporter-output>
        </test-method> <!-- closer -->
      </class> <!-- Logics.HomePage -->
    </test> <!-- Default test -->
  </suite> <!-- Default suite -->
</testng-results>
